#
# There is insufficient memory for the Java Runtime Environment to continue.
# Native memory allocation (malloc) failed to allocate 569296 bytes for Chunk::new
# Possible reasons:
#   The system is out of physical RAM or swap space
#   In 32 bit mode, the process size limit was hit
# Possible solutions:
#   Reduce memory load on the system
#   Increase physical memory or swap space
#   Check if swap backing store is full
#   Use 64 bit Java on a 64 bit OS
#   Decrease Java heap size (-Xmx/-Xms)
#   Decrease number of Java threads
#   Decrease Java thread stack sizes (-Xss)
#   Set larger code cache with -XX:ReservedCodeCacheSize=
# This output file may be truncated or incomplete.
#
#  Out of Memory Error (allocation.cpp:390), pid=8436, tid=0x0000000000002338
#
# JRE version: Java(TM) SE Runtime Environment (8.0_131-b11) (build 1.8.0_131-b11)
# Java VM: Java HotSpot(TM) 64-Bit Server VM (25.131-b11 mixed mode windows-amd64 compressed oops)
# Failed to write core dump. Minidumps are not enabled by default on client versions of Windows
#

---------------  T H R E A D  ---------------

Current thread (0x000000001c188000):  JavaThread "C2 CompilerThread0" daemon [_thread_in_native, id=9016, stack(0x000000001d890000,0x000000001d990000)]

Stack: [0x000000001d890000,0x000000001d990000]
[error occurred during error reporting (printing stack bounds), id 0xc0000005]

Native frames: (J=compiled Java code, j=interpreted, Vv=VM code, C=native code)


Current CompileTask:
C2:   8684 1932       4       com.android.dx.ssa.SCCP::simulatePhiBlock (50 bytes)


---------------  P R O C E S S  ---------------

Java Threads: ( => current thread )
  0x000000001e557000 JavaThread "pool-2-thread-4" [_thread_blocked, id=10540, stack(0x000000001f0c0000,0x000000001f1c0000)]
  0x000000001e555000 JavaThread "pool-2-thread-3" [_thread_blocked, id=8020, stack(0x000000001ee70000,0x000000001ef70000)]
  0x000000001e553800 JavaThread "pool-2-thread-2" [_thread_blocked, id=10364, stack(0x000000001ed10000,0x000000001ee10000)]
  0x000000001e79a000 JavaThread "pool-3-thread-1" [_thread_blocked, id=6728, stack(0x000000001ebc0000,0x000000001ecc0000)]
  0x000000001e799800 JavaThread "pool-2-thread-1" [_thread_blocked, id=6280, stack(0x000000001de00000,0x000000001df00000)]
  0x000000001da19800 JavaThread "Service Thread" daemon [_thread_blocked, id=10440, stack(0x000000001e010000,0x000000001e110000)]
  0x000000001d995800 JavaThread "C1 CompilerThread2" daemon [_thread_blocked, id=632, stack(0x000000001e130000,0x000000001e230000)]
  0x000000001d994800 JavaThread "C2 CompilerThread1" daemon [_thread_in_native, id=7840, stack(0x000000001df00000,0x000000001e000000)]
=>0x000000001c188000 JavaThread "C2 CompilerThread0" daemon [_thread_in_native, id=9016, stack(0x000000001d890000,0x000000001d990000)]
  0x000000001c184800 JavaThread "Attach Listener" daemon [_thread_blocked, id=10744, stack(0x000000001d6a0000,0x000000001d7a0000)]
  0x000000001c180000 JavaThread "Signal Dispatcher" daemon [_thread_blocked, id=8284, stack(0x000000001d570000,0x000000001d670000)]
  0x000000001c16a000 JavaThread "Finalizer" daemon [_thread_blocked, id=2240, stack(0x000000001d420000,0x000000001d520000)]
  0x000000001c122800 JavaThread "Reference Handler" daemon [_thread_blocked, id=10344, stack(0x000000001d250000,0x000000001d350000)]
  0x000000000215e800 JavaThread "main" [_thread_in_native, id=8576, stack(0x0000000002360000,0x0000000002460000)]

Other Threads:
  0x000000001c11b000 VMThread [stack: 0x000000001d070000,0x000000001d170000] [id=6524]
  0x000000001da1e800 WatcherThread [stack: 0x000000001e250000,0x000000001e350000] [id=7988]

VM state:not at safepoint (normal execution)

VM Mutex/Monitor currently owned by a thread: None

Heap:
 PSYoungGen      total 57344K, used 45832K [0x000000076ab00000, 0x0000000771b00000, 0x00000007c0000000)
  eden space 49152K, 76% used [0x000000076ab00000,0x000000076cfc7278,0x000000076db00000)
  from space 8192K, 99% used [0x000000076e300000,0x000000076eafaf20,0x000000076eb00000)
  to   space 8192K, 0% used [0x000000076db00000,0x000000076db00000,0x000000076e300000)
 ParOldGen       total 131072K, used 14311K [0x00000006c0000000, 0x00000006c8000000, 0x000000076ab00000)
  object space 131072K, 10% used [0x00000006c0000000,0x00000006c0df9df0,0x00000006c8000000)
 Metaspace       used 6471K, capacity 7192K, committed 7424K, reserved 1056768K
  class space    used 624K, capacity 656K, committed 768K, reserved 1048576K

Card table byte_map: [0x0000000011af0000,0x0000000012300000] byte_map_base: 0x000000000e4f0000

Marking Bits: (ParMarkBitMap*) 0x000000006b45c720
 Begin Bits: [0x0000000012f90000, 0x0000000016f90000)
 End Bits:   [0x0000000016f90000, 0x000000001af90000)

Polling page: 0x0000000000230000

CodeCache: size=245760Kb used=8083Kb max_used=8083Kb free=237676Kb
 bounds [0x0000000002730000, 0x0000000002f20000, 0x0000000011730000]
 total_blobs=2180 nmethods=1910 adapters=182
 compilation: enabled

Compilation events (10 events):
Event: 8.587 Thread 0x000000001d995800 1967       2       java.util.concurrent.locks.AbstractQueuedSynchronizer::addWaiter (50 bytes)
Event: 8.589 Thread 0x000000001d995800 nmethod 1967 0x0000000002ee7110 code [0x0000000002ee7280, 0x0000000002ee7548]
Event: 8.594 Thread 0x000000001d995800 1968       2       com.android.dx.ssa.PhiInsn::updateSourcesToDefinitions (68 bytes)
Event: 8.595 Thread 0x000000001d995800 nmethod 1968 0x0000000002f0f6d0 code [0x0000000002f0f880, 0x0000000002f0fc78]
Event: 8.600 Thread 0x000000001d994800 nmethod 1933 0x0000000002f14d90 code [0x0000000002f15000, 0x0000000002f17108]
Event: 8.600 Thread 0x000000001d994800 1929       4       com.android.dx.ssa.SCCP::simulatePhi (169 bytes)
Event: 8.601 Thread 0x000000001d995800 1969       2       com.android.dx.cf.code.LocalVariableList$Item::access$000 (5 bytes)
Event: 8.601 Thread 0x000000001d995800 nmethod 1969 0x0000000002ee6dd0 code [0x0000000002ee6f20, 0x0000000002ee7050]
Event: 8.601 Thread 0x000000001d995800 1970       2       com.android.dx.cf.code.LocalVariableList$Item::withSignature (29 bytes)
Event: 8.602 Thread 0x000000001d995800 nmethod 1970 0x0000000002f14950 code [0x0000000002f14ac0, 0x0000000002f14cc8]

GC Heap History (8 events):
Event: 1.705 GC heap before
{Heap before GC invocations=1 (full 0):
 PSYoungGen      total 57344K, used 49152K [0x000000076ab00000, 0x000000076eb00000, 0x00000007c0000000)
  eden space 49152K, 100% used [0x000000076ab00000,0x000000076db00000,0x000000076db00000)
  from space 8192K, 0% used [0x000000076e300000,0x000000076e300000,0x000000076eb00000)
  to   space 8192K, 0% used [0x000000076db00000,0x000000076db00000,0x000000076e300000)
 ParOldGen       total 131072K, used 0K [0x00000006c0000000, 0x00000006c8000000, 0x000000076ab00000)
  object space 131072K, 0% used [0x00000006c0000000,0x00000006c0000000,0x00000006c8000000)
 Metaspace       used 3571K, capacity 4720K, committed 4864K, reserved 1056768K
  class space    used 395K, capacity 424K, committed 512K, reserved 1048576K
Event: 1.709 GC heap after
Heap after GC invocations=1 (full 0):
 PSYoungGen      total 57344K, used 1533K [0x000000076ab00000, 0x000000076eb00000, 0x00000007c0000000)
  eden space 49152K, 0% used [0x000000076ab00000,0x000000076ab00000,0x000000076db00000)
  from space 8192K, 18% used [0x000000076db00000,0x000000076dc7f5f0,0x000000076e300000)
  to   space 8192K, 0% used [0x000000076e300000,0x000000076e300000,0x000000076eb00000)
 ParOldGen       total 131072K, used 8K [0x00000006c0000000, 0x00000006c8000000, 0x000000076ab00000)
  object space 131072K, 0% used [0x00000006c0000000,0x00000006c0002000,0x00000006c8000000)
 Metaspace       used 3571K, capacity 4720K, committed 4864K, reserved 1056768K
  class space    used 395K, capacity 424K, committed 512K, reserved 1048576K
}
Event: 5.935 GC heap before
{Heap before GC invocations=2 (full 0):
 PSYoungGen      total 57344K, used 50685K [0x000000076ab00000, 0x000000076eb00000, 0x00000007c0000000)
  eden space 49152K, 100% used [0x000000076ab00000,0x000000076db00000,0x000000076db00000)
  from space 8192K, 18% used [0x000000076db00000,0x000000076dc7f5f0,0x000000076e300000)
  to   space 8192K, 0% used [0x000000076e300000,0x000000076e300000,0x000000076eb00000)
 ParOldGen       total 131072K, used 8K [0x00000006c0000000, 0x00000006c8000000, 0x000000076ab00000)
  object space 131072K, 0% used [0x00000006c0000000,0x00000006c0002000,0x00000006c8000000)
 Metaspace       used 6220K, capacity 7000K, committed 7168K, reserved 1056768K
  class space    used 623K, capacity 656K, committed 768K, reserved 1048576K
Event: 5.984 GC heap after
Heap after GC invocations=2 (full 0):
 PSYoungGen      total 57344K, used 8184K [0x000000076ab00000, 0x000000076eb00000, 0x00000007c0000000)
  eden space 49152K, 0% used [0x000000076ab00000,0x000000076ab00000,0x000000076db00000)
  from space 8192K, 99% used [0x000000076e300000,0x000000076eafe000,0x000000076eb00000)
  to   space 8192K, 0% used [0x000000076db00000,0x000000076db00000,0x000000076e300000)
 ParOldGen       total 131072K, used 597K [0x00000006c0000000, 0x00000006c8000000, 0x000000076ab00000)
  object space 131072K, 0% used [0x00000006c0000000,0x00000006c0095700,0x00000006c8000000)
 Metaspace       used 6220K, capacity 7000K, committed 7168K, reserved 1056768K
  class space    used 623K, capacity 656K, committed 768K, reserved 1048576K
}
Event: 7.214 GC heap before
{Heap before GC invocations=3 (full 0):
 PSYoungGen      total 57344K, used 57336K [0x000000076ab00000, 0x000000076eb00000, 0x00000007c0000000)
  eden space 49152K, 100% used [0x000000076ab00000,0x000000076db00000,0x000000076db00000)
  from space 8192K, 99% used [0x000000076e300000,0x000000076eafe000,0x000000076eb00000)
  to   space 8192K, 0% used [0x000000076db00000,0x000000076db00000,0x000000076e300000)
 ParOldGen       total 131072K, used 597K [0x00000006c0000000, 0x00000006c8000000, 0x000000076ab00000)
  object space 131072K, 0% used [0x00000006c0000000,0x00000006c0095700,0x00000006c8000000)
 Metaspace       used 6439K, capacity 7192K, committed 7424K, reserved 1056768K
  class space    used 623K, capacity 656K, committed 768K, reserved 1048576K
Event: 7.230 GC heap after
Heap after GC invocations=3 (full 0):
 PSYoungGen      total 57344K, used 8164K [0x000000076ab00000, 0x000000076eb00000, 0x00000007c0000000)
  eden space 49152K, 0% used [0x000000076ab00000,0x000000076ab00000,0x000000076db00000)
  from space 8192K, 99% used [0x000000076db00000,0x000000076e2f9028,0x000000076e300000)
  to   space 8192K, 0% used [0x000000076e300000,0x000000076e300000,0x000000076eb00000)
 ParOldGen       total 131072K, used 6708K [0x00000006c0000000, 0x00000006c8000000, 0x000000076ab00000)
  object space 131072K, 5% used [0x00000006c0000000,0x00000006c068d098,0x00000006c8000000)
 Metaspace       used 6439K, capacity 7192K, committed 7424K, reserved 1056768K
  class space    used 623K, capacity 656K, committed 768K, reserved 1048576K
}
Event: 8.436 GC heap before
{Heap before GC invocations=4 (full 0):
 PSYoungGen      total 57344K, used 57316K [0x000000076ab00000, 0x000000076eb00000, 0x00000007c0000000)
  eden space 49152K, 100% used [0x000000076ab00000,0x000000076db00000,0x000000076db00000)
  from space 8192K, 99% used [0x000000076db00000,0x000000076e2f9028,0x000000076e300000)
  to   space 8192K, 0% used [0x000000076e300000,0x000000076e300000,0x000000076eb00000)
 ParOldGen       total 131072K, used 6708K [0x00000006c0000000, 0x00000006c8000000, 0x000000076ab00000)
  object space 131072K, 5% used [0x00000006c0000000,0x00000006c068d098,0x00000006c8000000)
 Metaspace       used 6459K, capacity 7192K, committed 7424K, reserved 1056768K
  class space    used 624K, capacity 656K, committed 768K, reserved 1048576K
Event: 8.464 GC heap after
Heap after GC invocations=4 (full 0):
 PSYoungGen      total 57344K, used 8171K [0x000000076ab00000, 0x0000000771b00000, 0x00000007c0000000)
  eden space 49152K, 0% used [0x000000076ab00000,0x000000076ab00000,0x000000076db00000)
  from space 8192K, 99% used [0x000000076e300000,0x000000076eafaf20,0x000000076eb00000)
  to   space 8192K, 0% used [0x000000076db00000,0x000000076db00000,0x000000076e300000)
 ParOldGen       total 131072K, used 14311K [0x00000006c0000000, 0x00000006c8000000, 0x000000076ab00000)
  object space 131072K, 10% used [0x00000006c0000000,0x00000006c0df9df0,0x00000006c8000000)
 Metaspace       used 6459K, capacity 7192K, committed 7424K, reserved 1056768K
  class space    used 624K, capacity 656K, committed 768K, reserved 1048576K
}

Deoptimization events (10 events):
Event: 7.289 Thread 0x000000001e555000 Uncommon trap: reason=bimorphic action=maybe_recompile pc=0x0000000002dc2ab4 method=com.android.dx.cf.code.BytecodeArray.parseInstruction(ILcom/android/dx/cf/code/BytecodeArray$Visitor;)I @ 1549
Event: 7.289 Thread 0x000000001e555000 Uncommon trap: reason=bimorphic action=maybe_recompile pc=0x0000000002dc69d8 method=com.android.dx.cf.code.BytecodeArray.parseInstruction(ILcom/android/dx/cf/code/BytecodeArray$Visitor;)I @ 2484
Event: 7.289 Thread 0x000000001e555000 Uncommon trap: reason=bimorphic action=maybe_recompile pc=0x0000000002dc33a8 method=com.android.dx.cf.code.BytecodeArray.parseInstruction(ILcom/android/dx/cf/code/BytecodeArray$Visitor;)I @ 1035
Event: 7.289 Thread 0x000000001e555000 Uncommon trap: reason=bimorphic action=maybe_recompile pc=0x0000000002dc69d8 method=com.android.dx.cf.code.BytecodeArray.parseInstruction(ILcom/android/dx/cf/code/BytecodeArray$Visitor;)I @ 2484
Event: 8.032 Thread 0x000000001e555000 Uncommon trap: reason=unstable_if action=reinterpret pc=0x0000000002d335b0 method=com.android.dx.ssa.SCCP.simulateStmt(Lcom/android/dx/ssa/SsaInsn;)V @ 59
Event: 8.543 Thread 0x000000001e553800 Uncommon trap: reason=unstable_if action=reinterpret pc=0x0000000002e9b2e4 method=com.android.dx.cf.code.Ropper.processBlock(Lcom/android/dx/cf/code/ByteBlock;Lcom/android/dx/cf/code/Frame;[I)V @ 413
Event: 8.543 Thread 0x000000001e553800 Uncommon trap: reason=unstable_if action=reinterpret pc=0x0000000002bfa9cc method=com.android.dx.util.IntList.binarysearch(I)I @ 105
Event: 8.544 Thread 0x000000001e553800 Uncommon trap: reason=unstable_if action=reinterpret pc=0x0000000002e0d640 method=com.android.dx.ssa.SsaBasicBlock.newFromRop(Lcom/android/dx/rop/code/RopMethod;ILcom/android/dx/ssa/SsaMethod;)Lcom/android/dx/ssa/SsaBasicBlock; @ 164
Event: 8.573 Thread 0x000000001e553800 Uncommon trap: reason=bimorphic action=maybe_recompile pc=0x0000000002ec2164 method=com.android.dx.cf.code.BytecodeArray.parseInstruction(ILcom/android/dx/cf/code/BytecodeArray$Visitor;)I @ 1501
Event: 8.574 Thread 0x000000001e553800 Uncommon trap: reason=bimorphic action=maybe_recompile pc=0x0000000002ec2164 method=com.android.dx.cf.code.BytecodeArray.parseInstruction(ILcom/android/dx/cf/code/BytecodeArray$Visitor;)I @ 1501

Internal exceptions (5 events):
Event: 0.056 Thread 0x000000000215e800 Exception <a 'java/lang/NoSuchMethodError': Method sun.misc.Unsafe.defineClass(Ljava/lang/String;[BII)Ljava/lang/Class; name or signature does not match> (0x000000076ab07ca8) thrown at [C:\re\workspace\8-2-build-windows-amd64-cygwin\jdk8u131\8869\hotspot\
Event: 0.056 Thread 0x000000000215e800 Exception <a 'java/lang/NoSuchMethodError': Method sun.misc.Unsafe.prefetchRead(Ljava/lang/Object;J)V name or signature does not match> (0x000000076ab07f90) thrown at [C:\re\workspace\8-2-build-windows-amd64-cygwin\jdk8u131\8869\hotspot\src\share\vm\prims
Event: 5.619 Thread 0x000000001e555000 Implicit null exception at 0x0000000002a3df22 to 0x0000000002a3e029
Event: 7.071 Thread 0x000000001e799800 Implicit null exception at 0x0000000002dd443c to 0x0000000002dd64dd
Event: 7.071 Thread 0x000000001e799800 Implicit null exception at 0x0000000002c418de to 0x0000000002c41a51

Events (10 events):
Event: 8.573 Thread 0x000000001e553800 Uncommon trap: trap_request=0xffffffc6 fr.pc=0x0000000002ec2164
Event: 8.573 Thread 0x000000001e553800 DEOPT PACKING pc=0x0000000002ec2164 sp=0x000000001ee0e9f0
Event: 8.573 Thread 0x000000001e553800 DEOPT UNPACKING pc=0x000000000277582a sp=0x000000001ee0e990 mode 2
Event: 8.574 Thread 0x000000001e553800 Uncommon trap: trap_request=0xffffffc6 fr.pc=0x0000000002ec2164
Event: 8.574 Thread 0x000000001e553800 DEOPT PACKING pc=0x0000000002ec2164 sp=0x000000001ee0e850
Event: 8.574 Thread 0x000000001e553800 DEOPT UNPACKING pc=0x000000000277582a sp=0x000000001ee0e7f0 mode 2
Event: 8.576 Thread 0x000000001e553800 DEOPT PACKING pc=0x0000000002bb34bb sp=0x000000001ee0e6f0
Event: 8.576 Thread 0x000000001e553800 DEOPT UNPACKING pc=0x000000000277787f sp=0x000000001ee0e500 mode 0
Event: 8.604 Thread 0x000000001e553800 DEOPT PACKING pc=0x0000000002bb34bb sp=0x000000001ee0e6f0
Event: 8.604 Thread 0x000000001e553800 DEOPT UNPACKING pc=0x000000000277787f sp=0x000000001ee0e500 mode 0


Dynamic libraries:
0x000000013ff20000 - 0x000000013ff57000 	C:\Program Files\Java\jdk1.8.0_131\bin\java.exe
0x00000000774b0000 - 0x000000007765a000 	C:\Windows\SYSTEM32\ntdll.dll
0x0000000077290000 - 0x00000000773af000 	C:\Windows\system32\kernel32.dll
0x000007fefd4f0000 - 0x000007fefd55a000 	C:\Windows\system32\KERNELBASE.dll
0x000007fefd570000 - 0x000007fefd64b000 	C:\Windows\system32\ADVAPI32.dll
0x000007feff190000 - 0x000007feff22f000 	C:\Windows\system32\msvcrt.dll
0x000007feff2b0000 - 0x000007feff2cf000 	C:\Windows\SYSTEM32\sechost.dll
0x000007fefe0d0000 - 0x000007fefe1fd000 	C:\Windows\system32\RPCRT4.dll
0x00000000773b0000 - 0x00000000774aa000 	C:\Windows\system32\USER32.dll
0x000007feff370000 - 0x000007feff3d7000 	C:\Windows\system32\GDI32.dll
0x000007fefd560000 - 0x000007fefd56e000 	C:\Windows\system32\LPK.dll
0x000007fefde80000 - 0x000007fefdf4a000 	C:\Windows\system32\USP10.dll
0x000007fefb8c0000 - 0x000007fefbab4000 	C:\Windows\WinSxS\amd64_microsoft.windows.common-controls_6595b64144ccf1df_6.0.7601.18837_none_fa3b1e3d17594757\COMCTL32.dll
0x000007feff230000 - 0x000007feff2a1000 	C:\Windows\system32\SHLWAPI.dll
0x000007feff3e0000 - 0x000007feff40e000 	C:\Windows\system32\IMM32.DLL
0x000007fefd650000 - 0x000007fefd759000 	C:\Windows\system32\MSCTF.dll
0x0000000070630000 - 0x0000000070702000 	C:\Program Files\Java\jdk1.8.0_131\jre\bin\msvcr100.dll
0x000000006ac40000 - 0x000000006b4dc000 	C:\Program Files\Java\jdk1.8.0_131\jre\bin\server\jvm.dll
0x000007fed95f0000 - 0x000007fed95f9000 	C:\Windows\system32\WSOCK32.dll
0x000007fefdfd0000 - 0x000007fefe01d000 	C:\Windows\system32\WS2_32.dll
0x000007fefe020000 - 0x000007fefe028000 	C:\Windows\system32\NSI.dll
0x000007fefa920000 - 0x000007fefa95b000 	C:\Windows\system32\WINMM.dll
0x000007fefc180000 - 0x000007fefc18c000 	C:\Windows\system32\VERSION.dll
0x0000000077680000 - 0x0000000077687000 	C:\Windows\system32\PSAPI.DLL
0x0000000074a50000 - 0x0000000074a5f000 	C:\Program Files\Java\jdk1.8.0_131\jre\bin\verify.dll
0x0000000073ab0000 - 0x0000000073ad9000 	C:\Program Files\Java\jdk1.8.0_131\jre\bin\java.dll
0x00000000749f0000 - 0x0000000074a06000 	C:\Program Files\Java\jdk1.8.0_131\jre\bin\zip.dll
0x000007fefe200000 - 0x000007fefef89000 	C:\Windows\system32\SHELL32.dll
0x000007fefef90000 - 0x000007feff18c000 	C:\Windows\system32\ole32.dll
0x000007fefd1b0000 - 0x000007fefd1bf000 	C:\Windows\system32\profapi.dll

VM Arguments:
jvm_args: -Djava.awt.headless=true -Xmx4g -Dfile.encoding=windows-1252 -Duser.country=US -Duser.language=en -Duser.variant 
java_command: com.android.dx.command.Main --dex --num-threads=4 --multi-dex --main-dex-list D:\Vasant\New Projects\MBS\app\build\intermediates\multi-dex\debug\maindexlist.txt --output D:\Vasant\New Projects\MBS\app\build\intermediates\transforms\dex\debug\folders\1000\1f\main D:\Vasant\New Projects\MBS\app\build\intermediates\transforms\jarMerging\debug\jars\1\1f\combined.jar
java_class_path (initial): C:\Users\new\AppData\Local\Android\sdk6\build-tools\24.0.2\lib\dx.jar
Launcher Type: SUN_STANDARD

Environment Variables:
PATH=C:\Windows\system32;C:\Windows;C:\Windows\system32\Wbem;C:\ProgramData\Oracle\Java\javapath;C:\Program Files (x86)\Intel\iCLS Client\;C:\Program Files\Intel\iCLS Client\;C:\Windows\System32\WindowsPowerShell\v1.0\;C:\Program Files (x86)\Intel\OpenCL SDK\2.0\bin\x86;C:\Program Files (x86)\Intel\OpenCL SDK\2.0\bin\x64;C:\Program Files (x86)\Microsoft SQL Server\100\Tools\Binn\;C:\Program Files\Microsoft SQL Server\100\Tools\Binn\;C:\Program Files\Microsoft SQL Server\100\DTS\Binn\;C:\Program Files (x86)\Microsoft SQL Server\100\Tools\Binn\VSShell\Common7\IDE\;C:\Program Files (x86)\Microsoft Visual Studio 9.0\Common7\IDE\PrivateAssemblies\;C:\Program Files (x86)\Microsoft SQL Server\100\DTS\Binn\;C:\Program Files\Intel\Intel(R) Management Engine Components\DAL;C:\Program Files\Intel\Intel(R) Management Engine Components\IPT;C:\Program Files (x86)\Intel\Intel(R) Management Engine Components\DAL;C:\Program Files (x86)\Intel\Intel(R) Management Engine Components\IPT;C:\Program Files\VisualSVN Server\bin;C:\Program Files\Microsoft\Web Platform Installer\;C:\Program Files (x86)\Microsoft ASP.NET\ASP.NET Web Pages\v1.0\;C:\Program Files (x86)\Windows Kits\8.0\Windows Performance Toolkit\;C:\Program Files\Microsoft SQL Server\110\Tools\Binn\;c:\Program Files (x86)\Microsoft SQL Server\90\Tools\binn\;C:\Program Files\nodejs\;C:\Program Files\Java\jdk1.8.0_131;C:\Users\new\AppData\Roaming\npm
USERNAME=new
OS=Windows_NT
PROCESSOR_IDENTIFIER=Intel64 Family 6 Model 42 Stepping 7, GenuineIntel



---------------  S Y S T E M  ---------------

OS: Windows 7 , 64 bit Build 7601 (6.1.7601.23796)

CPU:total 4 (initial active 4) (2 cores per cpu, 2 threads per core) family 6 model 42 stepping 7, cmov, cx8, fxsr, mmx, sse, sse2, sse3, ssse3, sse4.1, sse4.2, popcnt, avx, clmul, ht, tsc, tscinvbit

Memory: 4k page, physical 12497308k(1362440k free), swap 25807448k(6100k free)

vm_info: Java HotSpot(TM) 64-Bit Server VM (25.131-b11) for windows-amd64 JRE (1.8.0_131-b11), built on Mar 15 2017 01:23:53 by "java_re" with MS VC++ 10.0 (VS2010)

time: Wed Oct 25 14:55:48 2017
elapsed time: 8 seconds (0d 0h 0m 8s)

